<?xml version="1.0" encoding="UTF-8"?>
<!-- Generated by org.testng.reporters.JUnitReportReporter -->
<testsuite hostname="EmmZ" name="com.Mod17.weBuy.BCKUP.WebuyProject" tests="1" failures="0" timestamp="29 Aug 2015 16:21:03 GMT" time="117.128" errors="0">
  <testcase name="testProductShoppingBasket" time="117.128" classname="com.Mod17.weBuy.BCKUP.WebuyProject"/>
</testsuite> <!-- com.Mod17.weBuy.BCKUP.WebuyProject -->
