<?xml version="1.0" encoding="UTF-8"?>
<!-- Generated by org.testng.reporters.JUnitReportReporter -->
<testsuite hostname="EmmZ" name="algomi.WebuyTest" tests="1" failures="0" timestamp="8 Sep 2015 20:32:04 GMT" time="283.854" errors="0">
  <testcase name="testProductShoppingBasket" time="283.854" classname="algomi.WebuyTest"/>
</testsuite> <!-- algomi.WebuyTest -->
